Arguments: 
  /usr/local/bin/node /Users/adarsh/.yarn/bin/yarn.js run ios

PATH: 
  /Users/adarsh/Library/Android/sdk/platform-tools:/Library/Frameworks/Python.framework/Versions/3.7/bin:/Users/adarsh/anaconda3/bin:/Users/adarsh/anaconda3/condabin:/usr/local/sbin:/usr/local/bin:/sbin:/bin:/usr/sbin:/usr/bin:/root/bin:/opt/X11/bin:/Library/Apple/usr/bin:/Users/adarsh/.yarn/bin:/Users/adarsh/.config/yarn/global/node_modules/.bin:/Users/adarsh/Library/Android/sdk/platform-tools:/Users/adarsh/Library/Android/sdk/tools

Yarn version: 
  1.22.5

Node version: 
  14.15.3

Platform: 
  darwin x64

Trace: 
  SyntaxError: /Users/adarsh/Documents/Dev/DSC/OpenSource/MacHouse/package.json: Unexpected string in JSON at position 682
      at JSON.parse (<anonymous>)
      at /Users/adarsh/.yarn/lib/cli.js:1625:59
      at Generator.next (<anonymous>)
      at step (/Users/adarsh/.yarn/lib/cli.js:310:30)
      at /Users/adarsh/.yarn/lib/cli.js:321:13

npm manifest: 
  {
    "main": "node_modules/expo/AppEntry.js",
    "scripts": {
      "start": "expo start",
      "android": "expo start --android",
      "ios": "expo start --ios",
      "web": "expo start --web",
      "eject": "expo eject"
    },
    "dependencies": {
      "@react-native-community/datetimepicker": "3.0.4",
      "expo": "~40.0.0",
      "expo-status-bar": "~1.0.3",
      "formik": "^2.2.6",
      "react": "16.13.1",
      "react-dom": "16.13.1",
      "react-native": "https://github.com/expo/react-native/archive/sdk-40.0.1.tar.gz",
      "react-native-calendars": "^1.1129.0",
      "react-native-modal-datetime-picker": "^9.1.0",
      "react-native-paper": "^4.7.0",
      "react-native-web": "~0.13.12"
      "react-time-picker": "^4.1.2",
      "uuid-random": "^1.3.2"
      "react-native-keyboard-aware-scroll-view": "^0.9.3",
    },
    "devDependencies": {
      "@babel/core": "~7.9.0"
    },
    "private": true
  }

yarn manifest: 
  No manifest

Lockfile: 
  
